Analysis & Synthesis report for myname
Fri May 28 16:23:21 2021
Quartus II 64-Bit Version 13.1.0 Build 162 10/23/2013 SJ Full Version


---------------------
; Table of Contents ;
---------------------
  1. Legal Notice
  2. Analysis & Synthesis Summary
  3. Analysis & Synthesis Settings
  4. Parallel Compilation
  5. Analysis & Synthesis Source Files Read
  6. Analysis & Synthesis Resource Usage Summary
  7. Analysis & Synthesis Resource Utilization by Entity
  8. Registers Removed During Synthesis
  9. Removed Registers Triggering Further Register Optimizations
 10. General Register Statistics
 11. Elapsed Time Per Partition
 12. Analysis & Synthesis Messages
 13. Analysis & Synthesis Suppressed Messages



----------------
; Legal Notice ;
----------------
Copyright (C) 1991-2013 Altera Corporation
Your use of Altera Corporation's design tools, logic functions 
and other software and tools, and its AMPP partner logic 
functions, and any output files from any of the foregoing 
(including device programming or simulation files), and any 
associated documentation or information are expressly subject 
to the terms and conditions of the Altera Program License 
Subscription Agreement, Altera MegaCore Function License 
Agreement, or other applicable license agreement, including, 
without limitation, that your use is for the sole purpose of 
programming logic devices manufactured by Altera and sold by 
Altera or its authorized distributors.  Please refer to the 
applicable agreement for further details.



+----------------------------------------------------------------------------------+
; Analysis & Synthesis Summary                                                     ;
+------------------------------------+---------------------------------------------+
; Analysis & Synthesis Status        ; Successful - Fri May 28 16:23:21 2021       ;
; Quartus II 64-Bit Version          ; 13.1.0 Build 162 10/23/2013 SJ Full Version ;
; Revision Name                      ; myname                                      ;
; Top-level Entity Name              ; myname                                      ;
; Family                             ; Cyclone III                                 ;
; Total logic elements               ; 336                                         ;
;     Total combinational functions  ; 336                                         ;
;     Dedicated logic registers      ; 146                                         ;
; Total registers                    ; 146                                         ;
; Total pins                         ; 25                                          ;
; Total virtual pins                 ; 0                                           ;
; Total memory bits                  ; 0                                           ;
; Embedded Multiplier 9-bit elements ; 0                                           ;
; Total PLLs                         ; 0                                           ;
+------------------------------------+---------------------------------------------+


+----------------------------------------------------------------------------------------------------------------------+
; Analysis & Synthesis Settings                                                                                        ;
+----------------------------------------------------------------------------+--------------------+--------------------+
; Option                                                                     ; Setting            ; Default Value      ;
+----------------------------------------------------------------------------+--------------------+--------------------+
; Device                                                                     ; EP3C25F324C8       ;                    ;
; Top-level entity name                                                      ; myname             ; myname             ;
; Family name                                                                ; Cyclone III        ; Cyclone IV GX      ;
; Use smart compilation                                                      ; Off                ; Off                ;
; Enable parallel Assembler and TimeQuest Timing Analyzer during compilation ; On                 ; On                 ;
; Enable compact report table                                                ; Off                ; Off                ;
; Restructure Multiplexers                                                   ; Auto               ; Auto               ;
; Create Debugging Nodes for IP Cores                                        ; Off                ; Off                ;
; Preserve fewer node names                                                  ; On                 ; On                 ;
; Disable OpenCore Plus hardware evaluation                                  ; Off                ; Off                ;
; Verilog Version                                                            ; Verilog_2001       ; Verilog_2001       ;
; VHDL Version                                                               ; VHDL_1993          ; VHDL_1993          ;
; State Machine Processing                                                   ; Auto               ; Auto               ;
; Safe State Machine                                                         ; Off                ; Off                ;
; Extract Verilog State Machines                                             ; On                 ; On                 ;
; Extract VHDL State Machines                                                ; On                 ; On                 ;
; Ignore Verilog initial constructs                                          ; Off                ; Off                ;
; Iteration limit for constant Verilog loops                                 ; 5000               ; 5000               ;
; Iteration limit for non-constant Verilog loops                             ; 250                ; 250                ;
; Add Pass-Through Logic to Inferred RAMs                                    ; On                 ; On                 ;
; Infer RAMs from Raw Logic                                                  ; On                 ; On                 ;
; Parallel Synthesis                                                         ; On                 ; On                 ;
; DSP Block Balancing                                                        ; Auto               ; Auto               ;
; NOT Gate Push-Back                                                         ; On                 ; On                 ;
; Power-Up Don't Care                                                        ; On                 ; On                 ;
; Remove Redundant Logic Cells                                               ; Off                ; Off                ;
; Remove Duplicate Registers                                                 ; On                 ; On                 ;
; Ignore CARRY Buffers                                                       ; Off                ; Off                ;
; Ignore CASCADE Buffers                                                     ; Off                ; Off                ;
; Ignore GLOBAL Buffers                                                      ; Off                ; Off                ;
; Ignore ROW GLOBAL Buffers                                                  ; Off                ; Off                ;
; Ignore LCELL Buffers                                                       ; Off                ; Off                ;
; Ignore SOFT Buffers                                                        ; On                 ; On                 ;
; Limit AHDL Integers to 32 Bits                                             ; Off                ; Off                ;
; Optimization Technique                                                     ; Balanced           ; Balanced           ;
; Carry Chain Length                                                         ; 70                 ; 70                 ;
; Auto Carry Chains                                                          ; On                 ; On                 ;
; Auto Open-Drain Pins                                                       ; On                 ; On                 ;
; Perform WYSIWYG Primitive Resynthesis                                      ; Off                ; Off                ;
; Auto ROM Replacement                                                       ; On                 ; On                 ;
; Auto RAM Replacement                                                       ; On                 ; On                 ;
; Auto DSP Block Replacement                                                 ; On                 ; On                 ;
; Auto Shift Register Replacement                                            ; Auto               ; Auto               ;
; Allow Shift Register Merging across Hierarchies                            ; Auto               ; Auto               ;
; Auto Clock Enable Replacement                                              ; On                 ; On                 ;
; Strict RAM Replacement                                                     ; Off                ; Off                ;
; Allow Synchronous Control Signals                                          ; On                 ; On                 ;
; Force Use of Synchronous Clear Signals                                     ; Off                ; Off                ;
; Auto RAM Block Balancing                                                   ; On                 ; On                 ;
; Auto RAM to Logic Cell Conversion                                          ; Off                ; Off                ;
; Auto Resource Sharing                                                      ; Off                ; Off                ;
; Allow Any RAM Size For Recognition                                         ; Off                ; Off                ;
; Allow Any ROM Size For Recognition                                         ; Off                ; Off                ;
; Allow Any Shift Register Size For Recognition                              ; Off                ; Off                ;
; Use LogicLock Constraints during Resource Balancing                        ; On                 ; On                 ;
; Ignore translate_off and synthesis_off directives                          ; Off                ; Off                ;
; Timing-Driven Synthesis                                                    ; On                 ; On                 ;
; Report Parameter Settings                                                  ; On                 ; On                 ;
; Report Source Assignments                                                  ; On                 ; On                 ;
; Report Connectivity Checks                                                 ; On                 ; On                 ;
; Ignore Maximum Fan-Out Assignments                                         ; Off                ; Off                ;
; Synchronization Register Chain Length                                      ; 2                  ; 2                  ;
; PowerPlay Power Optimization                                               ; Normal compilation ; Normal compilation ;
; HDL message level                                                          ; Level2             ; Level2             ;
; Suppress Register Optimization Related Messages                            ; Off                ; Off                ;
; Number of Removed Registers Reported in Synthesis Report                   ; 5000               ; 5000               ;
; Number of Swept Nodes Reported in Synthesis Report                         ; 5000               ; 5000               ;
; Number of Inverted Registers Reported in Synthesis Report                  ; 100                ; 100                ;
; Clock MUX Protection                                                       ; On                 ; On                 ;
; Auto Gated Clock Conversion                                                ; Off                ; Off                ;
; Block Design Naming                                                        ; Auto               ; Auto               ;
; SDC constraint protection                                                  ; Off                ; Off                ;
; Synthesis Effort                                                           ; Auto               ; Auto               ;
; Shift Register Replacement - Allow Asynchronous Clear Signal               ; On                 ; On                 ;
; Pre-Mapping Resynthesis Optimization                                       ; Off                ; Off                ;
; Analysis & Synthesis Message Level                                         ; Medium             ; Medium             ;
; Disable Register Merging Across Hierarchies                                ; Auto               ; Auto               ;
; Resource Aware Inference For Block RAM                                     ; On                 ; On                 ;
; Synthesis Seed                                                             ; 1                  ; 1                  ;
+----------------------------------------------------------------------------+--------------------+--------------------+


+------------------------------------------+
; Parallel Compilation                     ;
+----------------------------+-------------+
; Processors                 ; Number      ;
+----------------------------+-------------+
; Number detected on machine ; 8           ;
; Maximum allowed            ; 4           ;
;                            ;             ;
; Average used               ; 1.00        ;
; Maximum used               ; 1           ;
;                            ;             ;
; Usage by Processor         ; % Time Used ;
;     Processor 1            ; 100.0%      ;
;     Processors 2-8         ;   0.0%      ;
+----------------------------+-------------+


+----------------------------------------------------------------------------------------------------------------------------------------+
; Analysis & Synthesis Source Files Read                                                                                                 ;
+----------------------------------+-----------------+------------------------+------------------------------------------------+---------+
; File Name with User-Entered Path ; Used in Netlist ; File Type              ; File Name with Absolute Path                   ; Library ;
+----------------------------------+-----------------+------------------------+------------------------------------------------+---------+
; myname.v                         ; yes             ; User Verilog HDL File  ; C:/Users/22060/Desktop/Quartus/myname/myname.v ;         ;
+----------------------------------+-----------------+------------------------+------------------------------------------------+---------+


+---------------------------------------------------------+
; Analysis & Synthesis Resource Usage Summary             ;
+---------------------------------------------+-----------+
; Resource                                    ; Usage     ;
+---------------------------------------------+-----------+
; Estimated Total logic elements              ; 336       ;
;                                             ;           ;
; Total combinational functions               ; 336       ;
; Logic element usage by number of LUT inputs ;           ;
;     -- 4 input functions                    ; 195       ;
;     -- 3 input functions                    ; 86        ;
;     -- <=2 input functions                  ; 55        ;
;                                             ;           ;
; Logic elements by mode                      ;           ;
;     -- normal mode                          ; 294       ;
;     -- arithmetic mode                      ; 42        ;
;                                             ;           ;
; Total registers                             ; 146       ;
;     -- Dedicated logic registers            ; 146       ;
;     -- I/O registers                        ; 0         ;
;                                             ;           ;
; I/O pins                                    ; 25        ;
; Embedded Multiplier 9-bit elements          ; 0         ;
; Maximum fan-out node                        ; clk~input ;
; Maximum fan-out                             ; 146       ;
; Total fan-out                               ; 1482      ;
; Average fan-out                             ; 2.79      ;
+---------------------------------------------+-----------+


+-----------------------------------------------------------------------------------------------------------------------------------------------------------------------------+
; Analysis & Synthesis Resource Utilization by Entity                                                                                                                         ;
+----------------------------+-------------------+--------------+-------------+--------------+---------+-----------+------+--------------+---------------------+--------------+
; Compilation Hierarchy Node ; LC Combinationals ; LC Registers ; Memory Bits ; DSP Elements ; DSP 9x9 ; DSP 18x18 ; Pins ; Virtual Pins ; Full Hierarchy Name ; Library Name ;
+----------------------------+-------------------+--------------+-------------+--------------+---------+-----------+------+--------------+---------------------+--------------+
; |myname                    ; 336 (336)         ; 146 (146)    ; 0           ; 0            ; 0       ; 0         ; 25   ; 0            ; |myname             ; work         ;
+----------------------------+-------------------+--------------+-------------+--------------+---------+-----------+------+--------------+---------------------+--------------+
Note: For table entries with two numbers listed, the numbers in parentheses indicate the number of resources of the given type used by the specific entity alone. The numbers listed outside of parentheses indicate the total resources of the given type used by the specific entity and all of its sub-entities in the hierarchy.


+----------------------------------------------------------------------------------+
; Registers Removed During Synthesis                                               ;
+-----------------------------------------+----------------------------------------+
; Register name                           ; Reason for Removal                     ;
+-----------------------------------------+----------------------------------------+
; data[4][3]                              ; Stuck at GND due to stuck port data_in ;
; data[4][1]                              ; Stuck at GND due to stuck port data_in ;
; data[4][0]                              ; Stuck at GND due to stuck port data_in ;
; data[5][15]                             ; Stuck at GND due to stuck port data_in ;
; data[5][1]                              ; Stuck at GND due to stuck port data_in ;
; data[5][0]                              ; Stuck at GND due to stuck port data_in ;
; data[6][15]                             ; Stuck at GND due to stuck port data_in ;
; data[6][14]                             ; Stuck at GND due to stuck port data_in ;
; data[6][1]                              ; Stuck at GND due to stuck port data_in ;
; data[6][0]                              ; Stuck at GND due to stuck port data_in ;
; data[7][15]                             ; Stuck at GND due to stuck port data_in ;
; data[7][14]                             ; Stuck at GND due to stuck port data_in ;
; data[7][1]                              ; Stuck at GND due to stuck port data_in ;
; data[7][0]                              ; Stuck at GND due to stuck port data_in ;
; data[8][15]                             ; Stuck at GND due to stuck port data_in ;
; data[8][14]                             ; Stuck at GND due to stuck port data_in ;
; data[8][1]                              ; Stuck at GND due to stuck port data_in ;
; data[8][0]                              ; Stuck at GND due to stuck port data_in ;
; data[9][15]                             ; Stuck at GND due to stuck port data_in ;
; data[9][14]                             ; Stuck at GND due to stuck port data_in ;
; data[9][1]                              ; Stuck at GND due to stuck port data_in ;
; data[9][0]                              ; Stuck at GND due to stuck port data_in ;
; data[10][15]                            ; Stuck at GND due to stuck port data_in ;
; data[10][14]                            ; Stuck at GND due to stuck port data_in ;
; data[10][3]                             ; Stuck at GND due to stuck port data_in ;
; data[10][1]                             ; Stuck at GND due to stuck port data_in ;
; data[10][0]                             ; Stuck at GND due to stuck port data_in ;
; data[11][0]                             ; Stuck at GND due to stuck port data_in ;
; data[12][15]                            ; Stuck at GND due to stuck port data_in ;
; data[12][14]                            ; Stuck at GND due to stuck port data_in ;
; data[12][3]                             ; Stuck at GND due to stuck port data_in ;
; data[12][1]                             ; Stuck at GND due to stuck port data_in ;
; data[12][0]                             ; Stuck at GND due to stuck port data_in ;
; data[13][15]                            ; Stuck at GND due to stuck port data_in ;
; data[13][13]                            ; Stuck at GND due to stuck port data_in ;
; data[13][12]                            ; Stuck at GND due to stuck port data_in ;
; data[13][4]                             ; Stuck at GND due to stuck port data_in ;
; data[13][3]                             ; Stuck at GND due to stuck port data_in ;
; data[13][1]                             ; Stuck at GND due to stuck port data_in ;
; data[13][0]                             ; Stuck at GND due to stuck port data_in ;
; data[14][13]                            ; Stuck at GND due to stuck port data_in ;
; data[14][10]                            ; Stuck at GND due to stuck port data_in ;
; data[14][3]                             ; Stuck at GND due to stuck port data_in ;
; data[14][1]                             ; Stuck at GND due to stuck port data_in ;
; data[14][0]                             ; Stuck at GND due to stuck port data_in ;
; data[15][14]                            ; Stuck at GND due to stuck port data_in ;
; data[15][12]                            ; Stuck at GND due to stuck port data_in ;
; data[15][11]                            ; Stuck at GND due to stuck port data_in ;
; data[15][9]                             ; Stuck at GND due to stuck port data_in ;
; data[15][7]                             ; Stuck at GND due to stuck port data_in ;
; data[15][6]                             ; Stuck at GND due to stuck port data_in ;
; data[15][5]                             ; Stuck at GND due to stuck port data_in ;
; data[15][2]                             ; Stuck at GND due to stuck port data_in ;
; data[15][1]                             ; Stuck at GND due to stuck port data_in ;
; data[15][0]                             ; Stuck at GND due to stuck port data_in ;
; data[4][12]                             ; Stuck at GND due to stuck port data_in ;
; data[4][14]                             ; Stuck at GND due to stuck port data_in ;
; data[3][0]                              ; Stuck at GND due to stuck port data_in ;
; data[3][3]                              ; Stuck at GND due to stuck port data_in ;
; data[2][0]                              ; Stuck at GND due to stuck port data_in ;
; data[2][15]                             ; Stuck at GND due to stuck port data_in ;
; data[1][0]                              ; Stuck at GND due to stuck port data_in ;
; data[1][1]                              ; Stuck at GND due to stuck port data_in ;
; data[1][14]                             ; Stuck at GND due to stuck port data_in ;
; data[1][15]                             ; Stuck at GND due to stuck port data_in ;
; data[0][0]                              ; Stuck at GND due to stuck port data_in ;
; data[0][1]                              ; Stuck at GND due to stuck port data_in ;
; data[0][3]                              ; Stuck at GND due to stuck port data_in ;
; data[0][4]                              ; Stuck at GND due to stuck port data_in ;
; data[0][5]                              ; Stuck at GND due to stuck port data_in ;
; data[0][6]                              ; Stuck at GND due to stuck port data_in ;
; data[0][7]                              ; Stuck at GND due to stuck port data_in ;
; data[0][8]                              ; Stuck at GND due to stuck port data_in ;
; data[0][10]                             ; Stuck at GND due to stuck port data_in ;
; data[0][11]                             ; Stuck at GND due to stuck port data_in ;
; data[0][13]                             ; Stuck at GND due to stuck port data_in ;
; data[0][14]                             ; Stuck at GND due to stuck port data_in ;
; data[0][15]                             ; Stuck at GND due to stuck port data_in ;
; data[8][2]                              ; Merged with data[4][9]                 ;
; data[2][8]                              ; Merged with data[4][9]                 ;
; data[4][7]                              ; Merged with data[4][8]                 ;
; data[6][7]                              ; Merged with data[4][8]                 ;
; data[2][5]                              ; Merged with data[4][4]                 ;
; data[11][2]                             ; Merged with data[4][2]                 ;
; data[2][2]                              ; Merged with data[4][2]                 ;
; data[14][15]                            ; Merged with data[5][14]                ;
; data[3][12]                             ; Merged with data[5][14]                ;
; data[3][15]                             ; Merged with data[5][14]                ;
; data[0][2]                              ; Merged with data[5][14]                ;
; data[0][12]                             ; Merged with data[5][14]                ;
; data[7][13]                             ; Merged with data[5][13]                ;
; data[9][13]                             ; Merged with data[5][13]                ;
; data[10][13]                            ; Merged with data[5][13]                ;
; data[14][14]                            ; Merged with data[5][13]                ;
; data[14][11]                            ; Merged with data[5][13]                ;
; data[15][15]                            ; Merged with data[5][13]                ;
; data[15][10]                            ; Merged with data[5][13]                ;
; data[15][8]                             ; Merged with data[5][13]                ;
; data[4][13]                             ; Merged with data[5][13]                ;
; data[1][3]                              ; Merged with data[5][13]                ;
; data[1][4]                              ; Merged with data[5][13]                ;
; data[1][5]                              ; Merged with data[5][13]                ;
; data[1][10]                             ; Merged with data[5][13]                ;
; data[1][12]                             ; Merged with data[5][13]                ;
; data[1][13]                             ; Merged with data[5][13]                ;
; data[9][12]                             ; Merged with data[5][12]                ;
; data[8][9]                              ; Merged with data[5][10]                ;
; data[11][8]                             ; Merged with data[5][8]                 ;
; data[10][7]                             ; Merged with data[5][7]                 ;
; data[11][7]                             ; Merged with data[5][7]                 ;
; data[8][13]                             ; Merged with data[5][6]                 ;
; data[10][6]                             ; Merged with data[5][6]                 ;
; data[9][3]                              ; Merged with data[5][3]                 ;
; data[6][13]                             ; Merged with data[5][2]                 ;
; data[6][2]                              ; Merged with data[5][2]                 ;
; data[7][2]                              ; Merged with data[5][2]                 ;
; data[9][2]                              ; Merged with data[5][2]                 ;
; data[10][2]                             ; Merged with data[5][2]                 ;
; data[12][13]                            ; Merged with data[5][2]                 ;
; data[12][2]                             ; Merged with data[5][2]                 ;
; data[13][14]                            ; Merged with data[5][2]                 ;
; data[13][2]                             ; Merged with data[5][2]                 ;
; data[14][4]                             ; Merged with data[5][2]                 ;
; data[14][2]                             ; Merged with data[5][2]                 ;
; data[15][3]                             ; Merged with data[5][2]                 ;
; data[3][2]                              ; Merged with data[5][2]                 ;
; data[3][13]                             ; Merged with data[5][2]                 ;
; data[1][2]                              ; Merged with data[5][2]                 ;
; data[1][11]                             ; Merged with data[5][2]                 ;
; data[2][7]                              ; Merged with data[5][2]                 ;
; data[7][11]                             ; Merged with data[6][11]                ;
; data[14][9]                             ; Merged with data[6][9]                 ;
; data[9][8]                              ; Merged with data[6][8]                 ;
; data[7][4]                              ; Merged with data[6][4]                 ;
; data[7][3]                              ; Merged with data[6][3]                 ;
; data[8][12]                             ; Merged with data[7][12]                ;
; data[7][5]                              ; Merged with data[7][10]                ;
; data[8][3]                              ; Merged with data[8][11]                ;
; data[8][5]                              ; Merged with data[8][10]                ;
; data[9][11]                             ; Merged with data[8][7]                 ;
; data[9][9]                              ; Merged with data[9][10]                ;
; data[14][7]                             ; Merged with data[9][6]                 ;
; data[11][15]                            ; Merged with data[10][12]               ;
; data[11][14]                            ; Merged with data[10][12]               ;
; data[11][3]                             ; Merged with data[10][12]               ;
; data[11][1]                             ; Merged with data[10][12]               ;
; data[13][11]                            ; Merged with data[10][12]               ;
; data[14][12]                            ; Merged with data[10][12]               ;
; data[14][5]                             ; Merged with data[10][12]               ;
; data[15][13]                            ; Merged with data[10][12]               ;
; data[15][4]                             ; Merged with data[10][12]               ;
; data[4][15]                             ; Merged with data[10][12]               ;
; data[3][1]                              ; Merged with data[10][12]               ;
; data[2][1]                              ; Merged with data[10][12]               ;
; data[2][3]                              ; Merged with data[10][12]               ;
; data[2][4]                              ; Merged with data[10][12]               ;
; data[2][12]                             ; Merged with data[10][12]               ;
; data[2][14]                             ; Merged with data[10][12]               ;
; data[0][9]                              ; Merged with data[10][12]               ;
; data[3][5]                              ; Merged with data[10][11]               ;
; data[3][10]                             ; Merged with data[10][11]               ;
; data[14][8]                             ; Merged with data[10][10]               ;
; data[4][11]                             ; Merged with data[10][4]                ;
; data[3][4]                              ; Merged with data[10][4]                ;
; data[2][13]                             ; Merged with data[11][13]               ;
; data[3][14]                             ; Merged with data[11][12]               ;
; data[11][4]                             ; Merged with data[11][11]               ;
; data[2][10]                             ; Merged with data[11][11]               ;
; data[12][4]                             ; Merged with data[12][11]               ;
; data[3][11]                             ; Merged with data[12][10]               ;
; data[13][5]                             ; Merged with data[13][10]               ;
; data[4][10]                             ; Merged with data[13][10]               ;
; data[2][11]                             ; Merged with data[13][7]                ;
; dotout[0]~reg0                          ; Stuck at GND due to stuck port data_in ;
; i[0]                                    ; Merged with selout[0]~reg0             ;
; i[1]                                    ; Merged with selout[1]~reg0             ;
; i[2]                                    ; Merged with selout[2]~reg0             ;
; i[3]                                    ; Merged with selout[3]~reg0             ;
; Total Number of Removed Registers = 178 ;                                        ;
+-----------------------------------------+----------------------------------------+


+------------------------------------------------------------------------------------+
; Removed Registers Triggering Further Register Optimizations                        ;
+---------------+---------------------------+----------------------------------------+
; Register name ; Reason for Removal        ; Registers Removed due to This Register ;
+---------------+---------------------------+----------------------------------------+
; data[4][0]    ; Stuck at GND              ; dotout[0]~reg0                         ;
;               ; due to stuck port data_in ;                                        ;
+---------------+---------------------------+----------------------------------------+


+------------------------------------------------------+
; General Register Statistics                          ;
+----------------------------------------------+-------+
; Statistic                                    ; Value ;
+----------------------------------------------+-------+
; Total registers                              ; 146   ;
; Number of registers using Synchronous Clear  ; 0     ;
; Number of registers using Synchronous Load   ; 0     ;
; Number of registers using Asynchronous Clear ; 0     ;
; Number of registers using Asynchronous Load  ; 0     ;
; Number of registers using Clock Enable       ; 0     ;
; Number of registers using Preset             ; 0     ;
+----------------------------------------------+-------+


+-------------------------------+
; Elapsed Time Per Partition    ;
+----------------+--------------+
; Partition Name ; Elapsed Time ;
+----------------+--------------+
; Top            ; 00:00:02     ;
+----------------+--------------+


+-------------------------------+
; Analysis & Synthesis Messages ;
+-------------------------------+
Info: *******************************************************************
Info: Running Quartus II 64-Bit Analysis & Synthesis
    Info: Version 13.1.0 Build 162 10/23/2013 SJ Full Version
    Info: Processing started: Fri May 28 16:23:18 2021
Info: Command: quartus_map --read_settings_files=on --write_settings_files=off myname -c myname
Info (11104): Parallel Compilation has detected 8 hyper-threaded processors. However, the extra hyper-threaded processors will not be used by default. Parallel Compilation will use 4 of the 4 physical processors detected instead.
Info (12021): Found 1 design units, including 1 entities, in source file myname.v
    Info (12023): Found entity 1: myname
Info (12127): Elaborating entity "myname" for the top level hierarchy
Warning (10230): Verilog HDL assignment warning at myname.v(14): truncated value with size 32 to match size of target (4)
Warning (10230): Verilog HDL assignment warning at myname.v(30): truncated value with size 32 to match size of target (4)
Warning (10230): Verilog HDL assignment warning at myname.v(32): truncated value with size 32 to match size of target (12)
Warning (13024): Output pins are stuck at VCC or GND
    Warning (13410): Pin "M[0]" is stuck at GND
    Warning (13410): Pin "M[1]" is stuck at VCC
    Warning (13410): Pin "M[2]" is stuck at VCC
    Warning (13410): Pin "M[3]" is stuck at GND
    Warning (13410): Pin "dotout[0]" is stuck at GND
Info (286030): Timing-Driven Synthesis is running
Info (144001): Generated suppressed messages file C:/Users/22060/Desktop/Quartus/myname/output_files/myname.map.smsg
Info (16010): Generating hard_block partition "hard_block:auto_generated_inst"
    Info (16011): Adding 0 node(s), including 0 DDIO, 0 PLL, 0 transceiver and 0 LCELL
Info (21057): Implemented 369 device resources after synthesis - the final resource count might be different
    Info (21058): Implemented 1 input pins
    Info (21059): Implemented 24 output pins
    Info (21061): Implemented 344 logic cells
Info: Quartus II 64-Bit Analysis & Synthesis was successful. 0 errors, 9 warnings
    Info: Peak virtual memory: 4633 megabytes
    Info: Processing ended: Fri May 28 16:23:21 2021
    Info: Elapsed time: 00:00:03
    Info: Total CPU time (on all processors): 00:00:03


+------------------------------------------+
; Analysis & Synthesis Suppressed Messages ;
+------------------------------------------+
The suppressed messages can be found in C:/Users/22060/Desktop/Quartus/myname/output_files/myname.map.smsg.


