EDA Netlist Writer report for vadder
Tue May 25 08:14:33 2021
Quartus II 64-Bit Version 13.1.0 Build 162 10/23/2013 SJ Full Version


---------------------
; Table of Contents ;
---------------------
  1. Legal Notice
  2. EDA Netlist Writer Summary
  3. Simulation Settings
  4. Simulation Generated Files
  5. EDA Netlist Writer Messages



----------------
; Legal Notice ;
----------------
Copyright (C) 1991-2013 Altera Corporation
Your use of Altera Corporation's design tools, logic functions 
and other software and tools, and its AMPP partner logic 
functions, and any output files from any of the foregoing 
(including device programming or simulation files), and any 
associated documentation or information are expressly subject 
to the terms and conditions of the Altera Program License 
Subscription Agreement, Altera MegaCore Function License 
Agreement, or other applicable license agreement, including, 
without limitation, that your use is for the sole purpose of 
programming logic devices manufactured by Altera and sold by 
Altera or its authorized distributors.  Please refer to the 
applicable agreement for further details.



+-------------------------------------------------------------------+
; EDA Netlist Writer Summary                                        ;
+---------------------------+---------------------------------------+
; EDA Netlist Writer Status ; Successful - Tue May 25 08:14:33 2021 ;
; Revision Name             ; vadder                                ;
; Top-level Entity Name     ; vadder                                ;
; Family                    ; Cyclone III                           ;
; Simulation Files Creation ; Successful                            ;
+---------------------------+---------------------------------------+


+-------------------------------------------------------------------------------------------------------------------------------+
; Simulation Settings                                                                                                           ;
+---------------------------------------------------------------------------------------------------+---------------------------+
; Option                                                                                            ; Setting                   ;
+---------------------------------------------------------------------------------------------------+---------------------------+
; Tool Name                                                                                         ; ModelSim-Altera (Verilog) ;
; Generate netlist for functional simulation only                                                   ; Off                       ;
; Time scale                                                                                        ; 1 ps                      ;
; Truncate long hierarchy paths                                                                     ; Off                       ;
; Map illegal HDL characters                                                                        ; Off                       ;
; Flatten buses into individual nodes                                                               ; Off                       ;
; Maintain hierarchy                                                                                ; Off                       ;
; Bring out device-wide set/reset signals as ports                                                  ; Off                       ;
; Enable glitch filtering                                                                           ; Off                       ;
; Do not write top level VHDL entity                                                                ; Off                       ;
; Disable detection of setup and hold time violations in the input registers of bi-directional pins ; Off                       ;
; Architecture name in VHDL output netlist                                                          ; structure                 ;
; Generate third-party EDA tool command script for RTL functional simulation                        ; Off                       ;
; Generate third-party EDA tool command script for gate-level simulation                            ; Off                       ;
+---------------------------------------------------------------------------------------------------+---------------------------+


+-------------------------------------------------------------------------------------------+
; Simulation Generated Files                                                                ;
+-------------------------------------------------------------------------------------------+
; Generated Files                                                                           ;
+-------------------------------------------------------------------------------------------+
; C:/Users/22060/Desktop/Quartus/vadder/simulation/modelsim/vadder_8_1200mv_85c_slow.vo     ;
; C:/Users/22060/Desktop/Quartus/vadder/simulation/modelsim/vadder_8_1200mv_0c_slow.vo      ;
; C:/Users/22060/Desktop/Quartus/vadder/simulation/modelsim/vadder_min_1200mv_0c_fast.vo    ;
; C:/Users/22060/Desktop/Quartus/vadder/simulation/modelsim/vadder.vo                       ;
; C:/Users/22060/Desktop/Quartus/vadder/simulation/modelsim/vadder_8_1200mv_85c_v_slow.sdo  ;
; C:/Users/22060/Desktop/Quartus/vadder/simulation/modelsim/vadder_8_1200mv_0c_v_slow.sdo   ;
; C:/Users/22060/Desktop/Quartus/vadder/simulation/modelsim/vadder_min_1200mv_0c_v_fast.sdo ;
; C:/Users/22060/Desktop/Quartus/vadder/simulation/modelsim/vadder_v.sdo                    ;
+-------------------------------------------------------------------------------------------+


+-----------------------------+
; EDA Netlist Writer Messages ;
+-----------------------------+
Info: *******************************************************************
Info: Running Quartus II 64-Bit EDA Netlist Writer
    Info: Version 13.1.0 Build 162 10/23/2013 SJ Full Version
    Info: Processing started: Tue May 25 08:14:33 2021
Info: Command: quartus_eda --read_settings_files=off --write_settings_files=off vadder -c vadder
Info (204019): Generated file vadder_8_1200mv_85c_slow.vo in folder "C:/Users/22060/Desktop/Quartus/vadder/simulation/modelsim/" for EDA simulation tool
Info (204019): Generated file vadder_8_1200mv_0c_slow.vo in folder "C:/Users/22060/Desktop/Quartus/vadder/simulation/modelsim/" for EDA simulation tool
Info (204019): Generated file vadder_min_1200mv_0c_fast.vo in folder "C:/Users/22060/Desktop/Quartus/vadder/simulation/modelsim/" for EDA simulation tool
Info (204019): Generated file vadder.vo in folder "C:/Users/22060/Desktop/Quartus/vadder/simulation/modelsim/" for EDA simulation tool
Info (204019): Generated file vadder_8_1200mv_85c_v_slow.sdo in folder "C:/Users/22060/Desktop/Quartus/vadder/simulation/modelsim/" for EDA simulation tool
Info (204019): Generated file vadder_8_1200mv_0c_v_slow.sdo in folder "C:/Users/22060/Desktop/Quartus/vadder/simulation/modelsim/" for EDA simulation tool
Info (204019): Generated file vadder_min_1200mv_0c_v_fast.sdo in folder "C:/Users/22060/Desktop/Quartus/vadder/simulation/modelsim/" for EDA simulation tool
Info (204019): Generated file vadder_v.sdo in folder "C:/Users/22060/Desktop/Quartus/vadder/simulation/modelsim/" for EDA simulation tool
Info: Quartus II 64-Bit EDA Netlist Writer was successful. 0 errors, 0 warnings
    Info: Peak virtual memory: 4554 megabytes
    Info: Processing ended: Tue May 25 08:14:33 2021
    Info: Elapsed time: 00:00:00
    Info: Total CPU time (on all processors): 00:00:01


